{
  "RSpec": {
    "coverage": {
      "/Users/mohamedelsayed/Desktop/Practicing/Rails/tickets-notifier/app/helpers/application_helper.rb": {
        "lines": [
          null,
          null,
          1,
          null
        ]
      },
      "/Users/mohamedelsayed/Desktop/Practicing/Rails/tickets-notifier/app/helpers/tickets_helper.rb": {
        "lines": [
          null,
          null,
          1,
          null
        ]
      },
      "/Users/mohamedelsayed/Desktop/Practicing/Rails/tickets-notifier/app/helpers/users_helper.rb": {
        "lines": [
          null,
          null,
          1,
          null
        ]
      },
      "/Users/mohamedelsayed/Desktop/Practicing/Rails/tickets-notifier/lib/notifications/email_notification.rb": {
        "lines": [
          null,
          null,
          1,
          null,
          null,
          1,
          1,
          1,
          null,
          null,
          null
        ]
      },
      "/Users/mohamedelsayed/Desktop/Practicing/Rails/tickets-notifier/lib/notifications/notification.rb": {
        "lines": [
          null,
          null,
          1,
          null,
          null,
          1,
          1,
          1,
          null,
          null,
          null
        ]
      },
      "/Users/mohamedelsayed/Desktop/Practicing/Rails/tickets-notifier/app/mailers/user_mailer.rb": {
        "lines": [
          null,
          null,
          1,
          1,
          1,
          1,
          null,
          1,
          0,
          null,
          null,
          1,
          null,
          1,
          0,
          null,
          null,
          1,
          0,
          0,
          null,
          null
        ]
      },
      "/Users/mohamedelsayed/Desktop/Practicing/Rails/tickets-notifier/app/mailers/application_mailer.rb": {
        "lines": [
          null,
          null,
          1,
          1,
          1,
          null
        ]
      },
      "/Users/mohamedelsayed/Desktop/Practicing/Rails/tickets-notifier/app/models/ticket.rb": {
        "lines": [
          null,
          null,
          1,
          1,
          1,
          null,
          1,
          null,
          5,
          5,
          null,
          1,
          null,
          null,
          null,
          null,
          null,
          13,
          null,
          null
        ]
      },
      "/Users/mohamedelsayed/Desktop/Practicing/Rails/tickets-notifier/app/models/application_record.rb": {
        "lines": [
          null,
          null,
          1,
          1,
          null
        ]
      },
      "/Users/mohamedelsayed/Desktop/Practicing/Rails/tickets-notifier/app/models/user.rb": {
        "lines": [
          null,
          null,
          1,
          1,
          1,
          1,
          1,
          null,
          1,
          5,
          null,
          1,
          null,
          null,
          21,
          null,
          null,
          null,
          null,
          1,
          null,
          null,
          null,
          null,
          5,
          null,
          null
        ]
      },
      "/Users/mohamedelsayed/Desktop/Practicing/Rails/tickets-notifier/app/services/notification_service.rb": {
        "lines": [
          null,
          null,
          null,
          null,
          1,
          1,
          7,
          6,
          null,
          null,
          1,
          5,
          null,
          null,
          1,
          null,
          1,
          7,
          null,
          1,
          null,
          null
        ]
      },
      "/Users/mohamedelsayed/Desktop/Practicing/Rails/tickets-notifier/app/sidekiq/notification_reminder_job.rb": {
        "lines": [
          null,
          null,
          1,
          1,
          null,
          1,
          4,
          null,
          null,
          4,
          null,
          4,
          null,
          null,
          4,
          null,
          4,
          null,
          null,
          null,
          1,
          null,
          1,
          4,
          null,
          null,
          8,
          null,
          null,
          null,
          4,
          null,
          null,
          null
        ]
      },
      "/Users/mohamedelsayed/Desktop/Practicing/Rails/tickets-notifier/app/channels/application_cable/channel.rb": {
        "lines": [
          null,
          null,
          0,
          0,
          0,
          0
        ],
        "branches": {
        }
      },
      "/Users/mohamedelsayed/Desktop/Practicing/Rails/tickets-notifier/app/channels/application_cable/connection.rb": {
        "lines": [
          null,
          null,
          0,
          0,
          0,
          0
        ],
        "branches": {
        }
      },
      "/Users/mohamedelsayed/Desktop/Practicing/Rails/tickets-notifier/app/controllers/application_controller.rb": {
        "lines": [
          null,
          null,
          0,
          0
        ],
        "branches": {
        }
      },
      "/Users/mohamedelsayed/Desktop/Practicing/Rails/tickets-notifier/app/controllers/tickets_controller.rb": {
        "lines": [
          null,
          null,
          0,
          0,
          0,
          0,
          0,
          0,
          null,
          0,
          null,
          0,
          0,
          0,
          null,
          0,
          0,
          0,
          null,
          0,
          0,
          null,
          0,
          null,
          0,
          0,
          0,
          null,
          0,
          0,
          null,
          0,
          0,
          0,
          0,
          null,
          0,
          null,
          0,
          0,
          0,
          null,
          0,
          0,
          0,
          null,
          0,
          0,
          0,
          0
        ],
        "branches": {
        }
      },
      "/Users/mohamedelsayed/Desktop/Practicing/Rails/tickets-notifier/app/controllers/users_controller.rb": {
        "lines": [
          null,
          null,
          0,
          0,
          0,
          0,
          0,
          null,
          0,
          0,
          0,
          null,
          0,
          0,
          0,
          null,
          0,
          0,
          null,
          0,
          null,
          0,
          0,
          0,
          0,
          0,
          0,
          0,
          null,
          0,
          null,
          0,
          null,
          0,
          0,
          0,
          0,
          null,
          0,
          0,
          0,
          0
        ],
        "branches": {
        }
      },
      "/Users/mohamedelsayed/Desktop/Practicing/Rails/tickets-notifier/app/jobs/application_job.rb": {
        "lines": [
          null,
          null,
          0,
          null,
          null,
          null,
          null,
          null,
          0
        ],
        "branches": {
        }
      }
    },
    "timestamp": 1725827702
  }
}
